<beans xmlns="http://www.springframework.org/schema/beans"
	xmlns:context="http://www.springframework.org/schema/context"
	xmlns:security="http://www.springframework.org/schema/security"
	xmlns:xsi="http://www.w3.org/2001/XMLSchema-instance" 
	xmlns:mvc="http://www.springframework.org/schema/mvc"
	xmlns:task="http://www.springframework.org/schema/task"
	xsi:schemaLocation="
http://www.springframework.org/schema/beans
http://www.springframework.org/schema/beans/spring-beans-4.0.xsd
http://www.springframework.org/schema/context 
http://www.springframework.org/schema/context/spring-context-4.0.xsd
http://www.springframework.org/schema/security
http://www.springframework.org/schema/security/spring-security.xsd
http://www.springframework.org/schema/mvc 
http://www.springframework.org/schema/mvc/spring-mvc-4.0.xsd
http://www.springframework.org/schema/task  
http://www.springframework.org/schema/task/spring-task-3.0.xsd">

	<task:annotation-driven scheduler="taskScheduler"/>
	<task:scheduler id="taskScheduler" pool-size="2"/>
	
	<context:property-placeholder location="classpath:system.properties, classpath:jdbc.properties" />
	<context:component-scan base-package="com.mhdanh" />
	<mvc:annotation-driven />
	<import resource="test-hibernate-context.xml" />
	<import resource="test-bean-context.xml"/>
	<import resource="test-security-context.xml" />
	
</beans>